{
  "stats": {
    "suites": 1,
    "tests": 2,
    "passes": 2,
    "pending": 0,
    "failures": 0,
    "start": "2022-11-10T13:34:44.188Z",
    "end": "2022-11-10T13:34:46.099Z",
    "duration": 1911,
    "testsRegistered": 2,
    "passPercent": 100,
    "pendingPercent": 0,
    "other": 0,
    "hasOther": false,
    "skipped": 0,
    "hasSkipped": false
  },
  "results": [
    {
      "uuid": "750843e8-a0b5-4cbd-a404-8b808707ef57",
      "title": "",
      "fullFile": "cypress/e2e/api/smoke/taskApi.cy.js",
      "file": "cypress/e2e/api/smoke/taskApi.cy.js",
      "beforeHooks": [],
      "afterHooks": [],
      "tests": [],
      "suites": [
        {
          "uuid": "10058516-8bea-49ff-9e13-817f5a62d48a",
          "title": "API task smoke test",
          "fullFile": "",
          "file": "",
          "beforeHooks": [],
          "afterHooks": [],
          "tests": [
            {
              "title": "0 - create test data",
              "fullTitle": "API task smoke test 0 - create test data",
              "timedOut": null,
              "duration": 1375,
              "state": "passed",
              "speed": "fast",
              "pass": true,
              "fail": false,
              "pending": false,
              "context": null,
              "code": "_organization.default.post({}).then(organization => {\n  _board.default.post({\n    organizationId: organization.id\n  }).then(board => {\n    boardId = board.id;\n  });\n});",
              "err": {},
              "uuid": "b27ae1c1-1778-4114-9f60-b7475fbcc4c7",
              "parentUUID": "10058516-8bea-49ff-9e13-817f5a62d48a",
              "isHook": false,
              "skipped": false
            },
            {
              "title": "TSK_CRUD - 1 - Crate task with valid data",
              "fullTitle": "API task smoke test TSK_CRUD - 1 - Crate task with valid data",
              "timedOut": null,
              "duration": 527,
              "state": "passed",
              "speed": "fast",
              "pass": true,
              "fail": false,
              "pending": false,
              "context": null,
              "code": "_task.default.post({\n  boardId: boardId,\n  testMessage: Cypress.currentTest.title\n});",
              "err": {},
              "uuid": "965cae30-9784-4004-a1d0-90b541ae8aa9",
              "parentUUID": "10058516-8bea-49ff-9e13-817f5a62d48a",
              "isHook": false,
              "skipped": false
            }
          ],
          "suites": [],
          "passes": [
            "b27ae1c1-1778-4114-9f60-b7475fbcc4c7",
            "965cae30-9784-4004-a1d0-90b541ae8aa9"
          ],
          "failures": [],
          "pending": [],
          "skipped": [],
          "duration": 1902,
          "root": false,
          "rootEmpty": false,
          "_timeout": 2000
        }
      ],
      "passes": [],
      "failures": [],
      "pending": [],
      "skipped": [],
      "duration": 0,
      "root": true,
      "rootEmpty": true,
      "_timeout": 2000
    }
  ],
  "meta": {
    "mocha": {
      "version": "7.0.1"
    },
    "mochawesome": {
      "options": {
        "quiet": false,
        "reportFilename": "mochawesome",
        "saveHtml": true,
        "saveJson": true,
        "consoleReporter": "spec",
        "useInlineDiffs": false,
        "code": true
      },
      "version": "7.1.3"
    },
    "marge": {
      "options": null,
      "version": "6.2.0"
    }
  }
}